2024-04-07 20:29:35.237  INFO 12104 --- [main] (system) com.example.MonitorServerApplication     : Starting MonitorServerApplication using Java 17.0.9 with PID 12104 (D:\project\JavaProject\project\itbaima-monitor-jwt\beibei-monitor-server\target\classes started by 14795 in D:\project\JavaProject\project\itbaima-monitor-jwt)
2024-04-07 20:29:35.239  INFO 12104 --- [main] (system) com.example.MonitorServerApplication     : The following 1 profile is active: "dev"
2024-04-07 20:29:35.779  INFO 12104 --- [main] (system) .s.d.r.c.RepositoryConfigurationDelegate : Multiple Spring Data modules found, entering strict repository configuration mode
2024-04-07 20:29:35.781  INFO 12104 --- [main] (system) .s.d.r.c.RepositoryConfigurationDelegate : Bootstrapping Spring Data Redis repositories in DEFAULT mode.
2024-04-07 20:29:35.803  INFO 12104 --- [main] (system) .s.d.r.c.RepositoryConfigurationDelegate : Finished Spring Data repository scanning in 10 ms. Found 0 Redis repository interfaces.
2024-04-07 20:29:36.305  INFO 12104 --- [main] (system) o.s.b.w.embedded.tomcat.TomcatWebServer  : Tomcat initialized with port(s): 8080 (http)
2024-04-07 20:29:36.311  INFO 12104 --- [main] (system) o.apache.catalina.core.StandardService   : Starting service [Tomcat]
2024-04-07 20:29:36.311  INFO 12104 --- [main] (system) o.apache.catalina.core.StandardEngine    : Starting Servlet engine: [Apache Tomcat/10.1.11]
2024-04-07 20:29:36.376  INFO 12104 --- [main] (system) o.a.c.c.C.[Tomcat].[localhost].[/]       : Initializing Spring embedded WebApplicationContext
2024-04-07 20:29:36.376  INFO 12104 --- [main] (system) w.s.c.ServletWebServerApplicationContext : Root WebApplicationContext: initialization completed in 1112 ms
2024-04-07 20:29:37.012  INFO 12104 --- [main] (system) com.zaxxer.hikari.HikariDataSource       : HikariPool-1 - Starting...
2024-04-07 20:29:37.177  INFO 12104 --- [main] (system) com.zaxxer.hikari.pool.HikariPool        : HikariPool-1 - Added connection com.mysql.cj.jdbc.ConnectionImpl@5df54296
2024-04-07 20:29:37.178  INFO 12104 --- [main] (system) com.zaxxer.hikari.HikariDataSource       : HikariPool-1 - Start completed.
2024-04-07 20:29:37.619  INFO 12104 --- [main] (system) o.s.s.web.DefaultSecurityFilterChain     : Will secure any request with [org.springframework.security.web.session.DisableEncodeUrlFilter@2e4d252, org.springframework.security.web.context.request.async.WebAsyncManagerIntegrationFilter@3555d804, org.springframework.security.web.context.SecurityContextHolderFilter@75973f7a, org.springframework.security.web.header.HeaderWriterFilter@2e76d0d3, org.springframework.security.web.authentication.logout.LogoutFilter@530d40b4, com.example.filter.JwtAuthenticationFilter@3922b297, com.example.filter.RequestLogFilter@60d32006, org.springframework.security.web.authentication.UsernamePasswordAuthenticationFilter@7866a7a6, org.springframework.security.web.savedrequest.RequestCacheAwareFilter@527d1fe1, org.springframework.security.web.servletapi.SecurityContextHolderAwareRequestFilter@2e667e95, org.springframework.security.web.authentication.AnonymousAuthenticationFilter@19b8f1bd, org.springframework.security.web.session.SessionManagementFilter@1932ad2c, org.springframework.security.web.access.ExceptionTranslationFilter@4587f0f9, org.springframework.security.web.access.intercept.AuthorizationFilter@2fbb098f]
2024-04-07 20:29:37.846  WARN 12104 --- [main] (system) ocalVariableTableParameterNameDiscoverer : Using deprecated '-debug' fallback for parameter name resolution. Compile the affected code with '-parameters' instead or avoid its introspection: org.springframework.amqp.rabbit.core.RabbitAdmin
2024-04-07 20:29:37.885  INFO 12104 --- [main] (system) o.s.b.w.embedded.tomcat.TomcatWebServer  : Tomcat started on port(s): 8080 (http) with context path ''
2024-04-07 20:29:37.887  INFO 12104 --- [main] (system) o.s.a.r.c.CachingConnectionFactory       : Attempting to connect to: [192.168.41.200:5672]
2024-04-07 20:29:57.792  INFO 12104 --- [http-nio-8080-exec-1] (system) o.a.c.c.C.[Tomcat].[localhost].[/]       : Initializing Spring DispatcherServlet 'dispatcherServlet'
2024-04-07 20:29:57.792  INFO 12104 --- [http-nio-8080-exec-1] (system) o.s.web.servlet.DispatcherServlet        : Initializing Servlet 'dispatcherServlet'
2024-04-07 20:29:57.793  INFO 12104 --- [http-nio-8080-exec-1] (system) o.s.web.servlet.DispatcherServlet        : Completed initialization in 1 ms
2024-04-07 20:29:58.933  INFO 12104 --- [main] (system) o.s.a.r.l.SimpleMessageListenerContainer : Broker not available; cannot force queue declarations during start: java.net.ConnectException: Connection timed out: no further information
2024-04-07 20:29:58.940  INFO 12104 --- [org.springframework.amqp.rabbit.RabbitListenerEndpointContainer#0-1] (system) o.s.a.r.c.CachingConnectionFactory       : Attempting to connect to: [192.168.41.200:5672]
2024-04-07 20:30:08.104 ERROR 12104 --- [http-nio-8080-exec-1] (system) o.a.c.c.C.[.[.[/].[dispatcherServlet]    : Servlet.service() for servlet [dispatcherServlet] in context with path [] threw exception

org.springframework.data.redis.RedisConnectionFailureException: Unable to connect to Redis
	at org.springframework.data.redis.connection.lettuce.LettuceConnectionFactory$ExceptionTranslatingConnectionProvider.translateException(LettuceConnectionFactory.java:1602)
	at org.springframework.data.redis.connection.lettuce.LettuceConnectionFactory$ExceptionTranslatingConnectionProvider.getConnection(LettuceConnectionFactory.java:1533)
	at org.springframework.data.redis.connection.lettuce.LettuceConnectionFactory$SharedConnection.getNativeConnection(LettuceConnectionFactory.java:1358)
	at org.springframework.data.redis.connection.lettuce.LettuceConnectionFactory$SharedConnection.getConnection(LettuceConnectionFactory.java:1341)
	at org.springframework.data.redis.connection.lettuce.LettuceConnectionFactory.getSharedConnection(LettuceConnectionFactory.java:1059)
	at org.springframework.data.redis.connection.lettuce.LettuceConnectionFactory.getConnection(LettuceConnectionFactory.java:398)
	at org.springframework.data.redis.core.RedisConnectionUtils.fetchConnection(RedisConnectionUtils.java:193)
	at org.springframework.data.redis.core.RedisConnectionUtils.doGetConnection(RedisConnectionUtils.java:144)
	at org.springframework.data.redis.core.RedisConnectionUtils.getConnection(RedisConnectionUtils.java:105)
	at org.springframework.data.redis.core.RedisTemplate.execute(RedisTemplate.java:393)
	at org.springframework.data.redis.core.RedisTemplate.execute(RedisTemplate.java:373)
	at org.springframework.data.redis.core.RedisTemplate.doWithKeys(RedisTemplate.java:785)
	at org.springframework.data.redis.core.RedisTemplate.hasKey(RedisTemplate.java:571)
	at com.example.filter.FlowLimitingFilter.tryCount(FlowLimitingFilter.java:61)
	at com.example.filter.FlowLimitingFilter.doFilter(FlowLimitingFilter.java:48)
	at jakarta.servlet.http.HttpFilter.doFilter(HttpFilter.java:53)
	at org.apache.catalina.core.ApplicationFilterChain.internalDoFilter(ApplicationFilterChain.java:174)
	at org.apache.catalina.core.ApplicationFilterChain.doFilter(ApplicationFilterChain.java:149)
	at com.example.filter.CorsFilter.doFilter(CorsFilter.java:34)
	at jakarta.servlet.http.HttpFilter.doFilter(HttpFilter.java:53)
	at org.apache.catalina.core.ApplicationFilterChain.internalDoFilter(ApplicationFilterChain.java:174)
	at org.apache.catalina.core.ApplicationFilterChain.doFilter(ApplicationFilterChain.java:149)
	at org.springframework.web.filter.RequestContextFilter.doFilterInternal(RequestContextFilter.java:100)
	at org.springframework.web.filter.OncePerRequestFilter.doFilter(OncePerRequestFilter.java:116)
	at org.apache.catalina.core.ApplicationFilterChain.internalDoFilter(ApplicationFilterChain.java:174)
	at org.apache.catalina.core.ApplicationFilterChain.doFilter(ApplicationFilterChain.java:149)
	at org.springframework.web.filter.FormContentFilter.doFilterInternal(FormContentFilter.java:93)
	at org.springframework.web.filter.OncePerRequestFilter.doFilter(OncePerRequestFilter.java:116)
	at org.apache.catalina.core.ApplicationFilterChain.internalDoFilter(ApplicationFilterChain.java:174)
	at org.apache.catalina.core.ApplicationFilterChain.doFilter(ApplicationFilterChain.java:149)
	at org.springframework.web.filter.CharacterEncodingFilter.doFilterInternal(CharacterEncodingFilter.java:201)
	at org.springframework.web.filter.OncePerRequestFilter.doFilter(OncePerRequestFilter.java:116)
	at org.apache.catalina.core.ApplicationFilterChain.internalDoFilter(ApplicationFilterChain.java:174)
	at org.apache.catalina.core.ApplicationFilterChain.doFilter(ApplicationFilterChain.java:149)
	at org.apache.catalina.core.StandardWrapperValve.invoke(StandardWrapperValve.java:166)
	at org.apache.catalina.core.StandardContextValve.invoke(StandardContextValve.java:90)
	at org.apache.catalina.authenticator.AuthenticatorBase.invoke(AuthenticatorBase.java:482)
	at org.apache.catalina.core.StandardHostValve.invoke(StandardHostValve.java:115)
	at org.apache.catalina.valves.ErrorReportValve.invoke(ErrorReportValve.java:93)
	at org.apache.catalina.core.StandardEngineValve.invoke(StandardEngineValve.java:74)
	at org.apache.catalina.connector.CoyoteAdapter.service(CoyoteAdapter.java:341)
	at org.apache.coyote.http11.Http11Processor.service(Http11Processor.java:391)
	at org.apache.coyote.AbstractProcessorLight.process(AbstractProcessorLight.java:63)
	at org.apache.coyote.AbstractProtocol$ConnectionHandler.process(AbstractProtocol.java:894)
	at org.apache.tomcat.util.net.NioEndpoint$SocketProcessor.doRun(NioEndpoint.java:1740)
	at org.apache.tomcat.util.net.SocketProcessorBase.run(SocketProcessorBase.java:52)
	at org.apache.tomcat.util.threads.ThreadPoolExecutor.runWorker(ThreadPoolExecutor.java:1191)
	at org.apache.tomcat.util.threads.ThreadPoolExecutor$Worker.run(ThreadPoolExecutor.java:659)
	at org.apache.tomcat.util.threads.TaskThread$WrappingRunnable.run(TaskThread.java:61)
	at java.base/java.lang.Thread.run(Thread.java:842)
Caused by: io.lettuce.core.RedisConnectionException: Unable to connect to 192.168.41.200/<unresolved>:6379
	at io.lettuce.core.RedisConnectionException.create(RedisConnectionException.java:78)
	at io.lettuce.core.RedisConnectionException.create(RedisConnectionException.java:56)
	at io.lettuce.core.AbstractRedisClient.getConnection(AbstractRedisClient.java:350)
	at io.lettuce.core.RedisClient.connect(RedisClient.java:216)
	at org.springframework.data.redis.connection.lettuce.StandaloneConnectionProvider.lambda$getConnection$1(StandaloneConnectionProvider.java:112)
	at java.base/java.util.Optional.orElseGet(Optional.java:364)
	at org.springframework.data.redis.connection.lettuce.StandaloneConnectionProvider.getConnection(StandaloneConnectionProvider.java:112)
	at org.springframework.data.redis.connection.lettuce.LettuceConnectionFactory$ExceptionTranslatingConnectionProvider.getConnection(LettuceConnectionFactory.java:1531)
	... 48 common frames omitted
Caused by: io.netty.channel.ConnectTimeoutException: connection timed out: /192.168.41.200:6379
	at io.netty.channel.nio.AbstractNioChannel$AbstractNioUnsafe$1.run(AbstractNioChannel.java:261)
	at io.netty.util.concurrent.PromiseTask.runTask(PromiseTask.java:98)
	at io.netty.util.concurrent.ScheduledFutureTask.run(ScheduledFutureTask.java:153)
	at io.netty.util.concurrent.AbstractEventExecutor.runTask(AbstractEventExecutor.java:174)
	at io.netty.util.concurrent.AbstractEventExecutor.safeExecute(AbstractEventExecutor.java:167)
	at io.netty.util.concurrent.SingleThreadEventExecutor.runAllTasks(SingleThreadEventExecutor.java:470)
	at io.netty.channel.nio.NioEventLoop.run(NioEventLoop.java:569)
	at io.netty.util.concurrent.SingleThreadEventExecutor$4.run(SingleThreadEventExecutor.java:997)
	at io.netty.util.internal.ThreadExecutorMap$2.run(ThreadExecutorMap.java:74)
	at io.netty.util.concurrent.FastThreadLocalRunnable.run(FastThreadLocalRunnable.java:30)
	... 1 common frames omitted

2024-04-07 20:30:18.118 ERROR 12104 --- [http-nio-8080-exec-3] (system) o.a.c.c.C.[.[.[/].[dispatcherServlet]    : Servlet.service() for servlet [dispatcherServlet] in context with path [] threw exception

org.springframework.data.redis.RedisConnectionFailureException: Unable to connect to Redis
	at org.springframework.data.redis.connection.lettuce.LettuceConnectionFactory$ExceptionTranslatingConnectionProvider.translateException(LettuceConnectionFactory.java:1602)
	at org.springframework.data.redis.connection.lettuce.LettuceConnectionFactory$ExceptionTranslatingConnectionProvider.getConnection(LettuceConnectionFactory.java:1533)
	at org.springframework.data.redis.connection.lettuce.LettuceConnectionFactory$SharedConnection.getNativeConnection(LettuceConnectionFactory.java:1358)
	at org.springframework.data.redis.connection.lettuce.LettuceConnectionFactory$SharedConnection.getConnection(LettuceConnectionFactory.java:1341)
	at org.springframework.data.redis.connection.lettuce.LettuceConnectionFactory.getSharedConnection(LettuceConnectionFactory.java:1059)
	at org.springframework.data.redis.connection.lettuce.LettuceConnectionFactory.getConnection(LettuceConnectionFactory.java:398)
	at org.springframework.data.redis.core.RedisConnectionUtils.fetchConnection(RedisConnectionUtils.java:193)
	at org.springframework.data.redis.core.RedisConnectionUtils.doGetConnection(RedisConnectionUtils.java:144)
	at org.springframework.data.redis.core.RedisConnectionUtils.getConnection(RedisConnectionUtils.java:105)
	at org.springframework.data.redis.core.RedisTemplate.execute(RedisTemplate.java:393)
	at org.springframework.data.redis.core.RedisTemplate.execute(RedisTemplate.java:373)
	at org.springframework.data.redis.core.RedisTemplate.doWithKeys(RedisTemplate.java:785)
	at org.springframework.data.redis.core.RedisTemplate.hasKey(RedisTemplate.java:571)
	at com.example.filter.FlowLimitingFilter.tryCount(FlowLimitingFilter.java:61)
	at com.example.filter.FlowLimitingFilter.doFilter(FlowLimitingFilter.java:48)
	at jakarta.servlet.http.HttpFilter.doFilter(HttpFilter.java:53)
	at org.apache.catalina.core.ApplicationFilterChain.internalDoFilter(ApplicationFilterChain.java:174)
	at org.apache.catalina.core.ApplicationFilterChain.doFilter(ApplicationFilterChain.java:149)
	at com.example.filter.CorsFilter.doFilter(CorsFilter.java:34)
	at jakarta.servlet.http.HttpFilter.doFilter(HttpFilter.java:53)
	at org.apache.catalina.core.ApplicationFilterChain.internalDoFilter(ApplicationFilterChain.java:174)
	at org.apache.catalina.core.ApplicationFilterChain.doFilter(ApplicationFilterChain.java:149)
	at org.springframework.web.filter.RequestContextFilter.doFilterInternal(RequestContextFilter.java:100)
	at org.springframework.web.filter.OncePerRequestFilter.doFilter(OncePerRequestFilter.java:116)
	at org.apache.catalina.core.ApplicationFilterChain.internalDoFilter(ApplicationFilterChain.java:174)
	at org.apache.catalina.core.ApplicationFilterChain.doFilter(ApplicationFilterChain.java:149)
	at org.springframework.web.filter.FormContentFilter.doFilterInternal(FormContentFilter.java:93)
	at org.springframework.web.filter.OncePerRequestFilter.doFilter(OncePerRequestFilter.java:116)
	at org.apache.catalina.core.ApplicationFilterChain.internalDoFilter(ApplicationFilterChain.java:174)
	at org.apache.catalina.core.ApplicationFilterChain.doFilter(ApplicationFilterChain.java:149)
	at org.springframework.web.filter.CharacterEncodingFilter.doFilterInternal(CharacterEncodingFilter.java:201)
	at org.springframework.web.filter.OncePerRequestFilter.doFilter(OncePerRequestFilter.java:116)
	at org.apache.catalina.core.ApplicationFilterChain.internalDoFilter(ApplicationFilterChain.java:174)
	at org.apache.catalina.core.ApplicationFilterChain.doFilter(ApplicationFilterChain.java:149)
	at org.apache.catalina.core.StandardWrapperValve.invoke(StandardWrapperValve.java:166)
	at org.apache.catalina.core.StandardContextValve.invoke(StandardContextValve.java:90)
	at org.apache.catalina.authenticator.AuthenticatorBase.invoke(AuthenticatorBase.java:482)
	at org.apache.catalina.core.StandardHostValve.invoke(StandardHostValve.java:115)
	at org.apache.catalina.valves.ErrorReportValve.invoke(ErrorReportValve.java:93)
	at org.apache.catalina.core.StandardEngineValve.invoke(StandardEngineValve.java:74)
	at org.apache.catalina.connector.CoyoteAdapter.service(CoyoteAdapter.java:341)
	at org.apache.coyote.http11.Http11Processor.service(Http11Processor.java:391)
	at org.apache.coyote.AbstractProcessorLight.process(AbstractProcessorLight.java:63)
	at org.apache.coyote.AbstractProtocol$ConnectionHandler.process(AbstractProtocol.java:894)
	at org.apache.tomcat.util.net.NioEndpoint$SocketProcessor.doRun(NioEndpoint.java:1740)
	at org.apache.tomcat.util.net.SocketProcessorBase.run(SocketProcessorBase.java:52)
	at org.apache.tomcat.util.threads.ThreadPoolExecutor.runWorker(ThreadPoolExecutor.java:1191)
	at org.apache.tomcat.util.threads.ThreadPoolExecutor$Worker.run(ThreadPoolExecutor.java:659)
	at org.apache.tomcat.util.threads.TaskThread$WrappingRunnable.run(TaskThread.java:61)
	at java.base/java.lang.Thread.run(Thread.java:842)
Caused by: io.lettuce.core.RedisConnectionException: Unable to connect to 192.168.41.200/<unresolved>:6379
	at io.lettuce.core.RedisConnectionException.create(RedisConnectionException.java:78)
	at io.lettuce.core.RedisConnectionException.create(RedisConnectionException.java:56)
	at io.lettuce.core.AbstractRedisClient.getConnection(AbstractRedisClient.java:350)
	at io.lettuce.core.RedisClient.connect(RedisClient.java:216)
	at org.springframework.data.redis.connection.lettuce.StandaloneConnectionProvider.lambda$getConnection$1(StandaloneConnectionProvider.java:112)
	at java.base/java.util.Optional.orElseGet(Optional.java:364)
	at org.springframework.data.redis.connection.lettuce.StandaloneConnectionProvider.getConnection(StandaloneConnectionProvider.java:112)
	at org.springframework.data.redis.connection.lettuce.LettuceConnectionFactory$ExceptionTranslatingConnectionProvider.getConnection(LettuceConnectionFactory.java:1531)
	... 48 common frames omitted
Caused by: io.netty.channel.ConnectTimeoutException: connection timed out: /192.168.41.200:6379
	at io.netty.channel.nio.AbstractNioChannel$AbstractNioUnsafe$1.run(AbstractNioChannel.java:261)
	at io.netty.util.concurrent.PromiseTask.runTask(PromiseTask.java:98)
	at io.netty.util.concurrent.ScheduledFutureTask.run(ScheduledFutureTask.java:153)
	at io.netty.util.concurrent.AbstractEventExecutor.runTask(AbstractEventExecutor.java:174)
	at io.netty.util.concurrent.AbstractEventExecutor.safeExecute(AbstractEventExecutor.java:167)
	at io.netty.util.concurrent.SingleThreadEventExecutor.runAllTasks(SingleThreadEventExecutor.java:470)
	at io.netty.channel.nio.NioEventLoop.run(NioEventLoop.java:569)
	at io.netty.util.concurrent.SingleThreadEventExecutor$4.run(SingleThreadEventExecutor.java:997)
	at io.netty.util.internal.ThreadExecutorMap$2.run(ThreadExecutorMap.java:74)
	at io.netty.util.concurrent.FastThreadLocalRunnable.run(FastThreadLocalRunnable.java:30)
	... 1 common frames omitted

2024-04-07 20:30:19.987 ERROR 12104 --- [org.springframework.amqp.rabbit.RabbitListenerEndpointContainer#0-1] (system) o.s.a.r.l.SimpleMessageListenerContainer : Failed to check/redeclare auto-delete queue(s).

org.springframework.amqp.AmqpConnectException: java.net.ConnectException: Connection timed out: no further information
	at org.springframework.amqp.rabbit.support.RabbitExceptionTranslator.convertRabbitAccessException(RabbitExceptionTranslator.java:61)
	at org.springframework.amqp.rabbit.connection.AbstractConnectionFactory.createBareConnection(AbstractConnectionFactory.java:594)
	at org.springframework.amqp.rabbit.connection.CachingConnectionFactory.createConnection(CachingConnectionFactory.java:687)
	at org.springframework.amqp.rabbit.connection.ConnectionFactoryUtils.createConnection(ConnectionFactoryUtils.java:257)
	at org.springframework.amqp.rabbit.core.RabbitTemplate.doExecute(RabbitTemplate.java:2225)
	at org.springframework.amqp.rabbit.core.RabbitTemplate.execute(RabbitTemplate.java:2198)
	at org.springframework.amqp.rabbit.core.RabbitTemplate.execute(RabbitTemplate.java:2178)
	at org.springframework.amqp.rabbit.core.RabbitAdmin.getQueueInfo(RabbitAdmin.java:459)
	at org.springframework.amqp.rabbit.core.RabbitAdmin.getQueueProperties(RabbitAdmin.java:443)
	at org.springframework.amqp.rabbit.listener.AbstractMessageListenerContainer.attemptDeclarations(AbstractMessageListenerContainer.java:1935)
	at org.springframework.amqp.rabbit.listener.AbstractMessageListenerContainer.redeclareElementsIfNecessary(AbstractMessageListenerContainer.java:1902)
	at org.springframework.amqp.rabbit.listener.SimpleMessageListenerContainer$AsyncMessageProcessingConsumer.initialize(SimpleMessageListenerContainer.java:1381)
	at org.springframework.amqp.rabbit.listener.SimpleMessageListenerContainer$AsyncMessageProcessingConsumer.run(SimpleMessageListenerContainer.java:1223)
	at java.base/java.lang.Thread.run(Thread.java:842)
Caused by: java.net.ConnectException: Connection timed out: no further information
	at java.base/sun.nio.ch.Net.pollConnect(Native Method)
	at java.base/sun.nio.ch.Net.pollConnectNow(Net.java:672)
	at java.base/sun.nio.ch.NioSocketImpl.timedFinishConnect(NioSocketImpl.java:554)
	at java.base/sun.nio.ch.NioSocketImpl.connect(NioSocketImpl.java:602)
	at java.base/java.net.SocksSocketImpl.connect(SocksSocketImpl.java:327)
	at java.base/java.net.Socket.connect(Socket.java:633)
	at com.rabbitmq.client.impl.SocketFrameHandlerFactory.create(SocketFrameHandlerFactory.java:61)
	at com.rabbitmq.client.ConnectionFactory.newConnection(ConnectionFactory.java:1234)
	at com.rabbitmq.client.ConnectionFactory.newConnection(ConnectionFactory.java:1184)
	at org.springframework.amqp.rabbit.connection.AbstractConnectionFactory.connectAddresses(AbstractConnectionFactory.java:632)
	at org.springframework.amqp.rabbit.connection.AbstractConnectionFactory.connect(AbstractConnectionFactory.java:607)
	at org.springframework.amqp.rabbit.connection.AbstractConnectionFactory.createBareConnection(AbstractConnectionFactory.java:557)
	... 12 common frames omitted

2024-04-07 20:30:19.988  INFO 12104 --- [org.springframework.amqp.rabbit.RabbitListenerEndpointContainer#0-1] (system) o.s.a.r.c.CachingConnectionFactory       : Attempting to connect to: [192.168.41.200:5672]
2024-04-07 20:30:25.798  INFO 12104 --- [http-nio-8080-exec-4] (89779561956511744) com.example.filter.RequestLogFilter      : 请求URL: "/api/auth/login" (POST) | 远程IP地址: 0:0:0:0:0:0:0:1 │ 身份: 未验证 | 请求参数列表: {"username":"admin","password":"123456"}
2024-04-07 20:30:26.062  INFO 12104 --- [http-nio-8080-exec-4] (89779561956511744) com.example.filter.RequestLogFilter      : 请求处理耗时: 266ms | 响应结果: {"code":200,"data":{"email":"1479539484@qq.com","expire":"2024-04-10 20:30:26.045","role":"admin","token":"eyJ0eXAiOiJKV1QiLCJhbGciOiJIUzI1NiJ9.eyJuYW1lIjoiYWRtaW4iLCJpZCI6NywiZXhwIjoxNzEyNzUyMjI2LCJpYXQiOjE3MTI0OTMwMjYsImp0aSI6IjA1ZjYzMTg3LTAwYTUtNDRlYi1hYzg5LWJjZjZiOTM1MDFmNSIsImF1dGhvcml0aWVzIjpbIlJPTEVfYWRtaW4iXX0.Leb4s2NEVepFN_2rYuXjZmzA8b4bmeGErpLm5KdI5Ao","username":"admin"},"id":89779561956511744,"message":"请求成功"}
2024-04-07 20:30:41.032  INFO 12104 --- [main] (system) com.example.MonitorServerApplication     : Started MonitorServerApplication in 66.178 seconds (process running for 66.68)
2024-04-07 20:30:46.167  WARN 12104 --- [org.springframework.amqp.rabbit.RabbitListenerEndpointContainer#0-1] (system) o.s.a.r.l.SimpleMessageListenerContainer : Consumer raised exception, processing can restart if the connection factory supports it. Exception summary: org.springframework.amqp.AmqpConnectException: java.net.ConnectException: Connection timed out: no further information
2024-04-07 20:30:46.170  INFO 12104 --- [org.springframework.amqp.rabbit.RabbitListenerEndpointContainer#0-1] (system) o.s.a.r.l.SimpleMessageListenerContainer : Restarting Consumer@d408c5d: tags=[[]], channel=null, acknowledgeMode=AUTO local queue size=0
2024-04-07 20:30:46.172  INFO 12104 --- [org.springframework.amqp.rabbit.RabbitListenerEndpointContainer#0-2] (system) o.s.a.r.c.CachingConnectionFactory       : Attempting to connect to: [192.168.41.200:5672]
2024-04-07 20:31:07.224 ERROR 12104 --- [org.springframework.amqp.rabbit.RabbitListenerEndpointContainer#0-2] (system) o.s.a.r.l.SimpleMessageListenerContainer : Failed to check/redeclare auto-delete queue(s).
2024-04-07 20:31:07.224  INFO 12104 --- [org.springframework.amqp.rabbit.RabbitListenerEndpointContainer#0-2] (system) o.s.a.r.c.CachingConnectionFactory       : Attempting to connect to: [192.168.41.200:5672]
2024-04-07 20:31:33.334  WARN 12104 --- [org.springframework.amqp.rabbit.RabbitListenerEndpointContainer#0-2] (system) o.s.a.r.l.SimpleMessageListenerContainer : Consumer raised exception, processing can restart if the connection factory supports it. Exception summary: org.springframework.amqp.AmqpConnectException: java.net.ConnectException: Connection timed out: no further information
2024-04-07 20:31:33.335  INFO 12104 --- [org.springframework.amqp.rabbit.RabbitListenerEndpointContainer#0-2] (system) o.s.a.r.l.SimpleMessageListenerContainer : Restarting Consumer@70d38b2a: tags=[[]], channel=null, acknowledgeMode=AUTO local queue size=0
2024-04-07 20:31:33.336  INFO 12104 --- [org.springframework.amqp.rabbit.RabbitListenerEndpointContainer#0-3] (system) o.s.a.r.c.CachingConnectionFactory       : Attempting to connect to: [192.168.41.200:5672]
2024-04-07 20:31:54.370 ERROR 12104 --- [org.springframework.amqp.rabbit.RabbitListenerEndpointContainer#0-3] (system) o.s.a.r.l.SimpleMessageListenerContainer : Failed to check/redeclare auto-delete queue(s).
2024-04-07 20:31:54.371  INFO 12104 --- [org.springframework.amqp.rabbit.RabbitListenerEndpointContainer#0-3] (system) o.s.a.r.c.CachingConnectionFactory       : Attempting to connect to: [192.168.41.200:5672]
2024-04-07 20:32:20.426  WARN 12104 --- [org.springframework.amqp.rabbit.RabbitListenerEndpointContainer#0-3] (system) o.s.a.r.l.SimpleMessageListenerContainer : Consumer raised exception, processing can restart if the connection factory supports it. Exception summary: org.springframework.amqp.AmqpConnectException: java.net.ConnectException: Connection timed out: no further information
2024-04-07 20:32:20.427  INFO 12104 --- [org.springframework.amqp.rabbit.RabbitListenerEndpointContainer#0-3] (system) o.s.a.r.l.SimpleMessageListenerContainer : Restarting Consumer@d977221: tags=[[]], channel=null, acknowledgeMode=AUTO local queue size=0
2024-04-07 20:32:20.428  INFO 12104 --- [org.springframework.amqp.rabbit.RabbitListenerEndpointContainer#0-4] (system) o.s.a.r.c.CachingConnectionFactory       : Attempting to connect to: [192.168.41.200:5672]
2024-04-07 20:32:41.476 ERROR 12104 --- [org.springframework.amqp.rabbit.RabbitListenerEndpointContainer#0-4] (system) o.s.a.r.l.SimpleMessageListenerContainer : Failed to check/redeclare auto-delete queue(s).
2024-04-07 20:32:41.476  INFO 12104 --- [org.springframework.amqp.rabbit.RabbitListenerEndpointContainer#0-4] (system) o.s.a.r.c.CachingConnectionFactory       : Attempting to connect to: [192.168.41.200:5672]
2024-04-07 20:33:07.581  WARN 12104 --- [org.springframework.amqp.rabbit.RabbitListenerEndpointContainer#0-4] (system) o.s.a.r.l.SimpleMessageListenerContainer : Consumer raised exception, processing can restart if the connection factory supports it. Exception summary: org.springframework.amqp.AmqpConnectException: java.net.ConnectException: Connection timed out: no further information
2024-04-07 20:33:07.581  INFO 12104 --- [org.springframework.amqp.rabbit.RabbitListenerEndpointContainer#0-4] (system) o.s.a.r.l.SimpleMessageListenerContainer : Restarting Consumer@4741d172: tags=[[]], channel=null, acknowledgeMode=AUTO local queue size=0
2024-04-07 20:33:07.582  INFO 12104 --- [org.springframework.amqp.rabbit.RabbitListenerEndpointContainer#0-5] (system) o.s.a.r.c.CachingConnectionFactory       : Attempting to connect to: [192.168.41.200:5672]
2024-04-07 20:33:28.625 ERROR 12104 --- [org.springframework.amqp.rabbit.RabbitListenerEndpointContainer#0-5] (system) o.s.a.r.l.SimpleMessageListenerContainer : Failed to check/redeclare auto-delete queue(s).
2024-04-07 20:33:28.626  INFO 12104 --- [org.springframework.amqp.rabbit.RabbitListenerEndpointContainer#0-5] (system) o.s.a.r.c.CachingConnectionFactory       : Attempting to connect to: [192.168.41.200:5672]
2024-04-07 20:33:54.724  WARN 12104 --- [org.springframework.amqp.rabbit.RabbitListenerEndpointContainer#0-5] (system) o.s.a.r.l.SimpleMessageListenerContainer : Consumer raised exception, processing can restart if the connection factory supports it. Exception summary: org.springframework.amqp.AmqpConnectException: java.net.ConnectException: Connection timed out: no further information
2024-04-07 20:33:54.725  INFO 12104 --- [org.springframework.amqp.rabbit.RabbitListenerEndpointContainer#0-5] (system) o.s.a.r.l.SimpleMessageListenerContainer : Restarting Consumer@5fca4152: tags=[[]], channel=null, acknowledgeMode=AUTO local queue size=0
2024-04-07 20:33:54.726  INFO 12104 --- [org.springframework.amqp.rabbit.RabbitListenerEndpointContainer#0-6] (system) o.s.a.r.c.CachingConnectionFactory       : Attempting to connect to: [192.168.41.200:5672]
2024-04-07 20:34:15.758 ERROR 12104 --- [org.springframework.amqp.rabbit.RabbitListenerEndpointContainer#0-6] (system) o.s.a.r.l.SimpleMessageListenerContainer : Failed to check/redeclare auto-delete queue(s).
2024-04-07 20:34:15.758  INFO 12104 --- [org.springframework.amqp.rabbit.RabbitListenerEndpointContainer#0-6] (system) o.s.a.r.c.CachingConnectionFactory       : Attempting to connect to: [192.168.41.200:5672]
2024-04-07 20:34:41.806  WARN 12104 --- [org.springframework.amqp.rabbit.RabbitListenerEndpointContainer#0-6] (system) o.s.a.r.l.SimpleMessageListenerContainer : Consumer raised exception, processing can restart if the connection factory supports it. Exception summary: org.springframework.amqp.AmqpConnectException: java.net.ConnectException: Connection timed out: no further information
2024-04-07 20:34:41.807  INFO 12104 --- [org.springframework.amqp.rabbit.RabbitListenerEndpointContainer#0-6] (system) o.s.a.r.l.SimpleMessageListenerContainer : Restarting Consumer@2e2a7c81: tags=[[]], channel=null, acknowledgeMode=AUTO local queue size=0
2024-04-07 20:34:41.808  INFO 12104 --- [org.springframework.amqp.rabbit.RabbitListenerEndpointContainer#0-7] (system) o.s.a.r.c.CachingConnectionFactory       : Attempting to connect to: [192.168.41.200:5672]
2024-04-07 20:35:02.830 ERROR 12104 --- [org.springframework.amqp.rabbit.RabbitListenerEndpointContainer#0-7] (system) o.s.a.r.l.SimpleMessageListenerContainer : Failed to check/redeclare auto-delete queue(s).
2024-04-07 20:35:02.830  INFO 12104 --- [org.springframework.amqp.rabbit.RabbitListenerEndpointContainer#0-7] (system) o.s.a.r.c.CachingConnectionFactory       : Attempting to connect to: [192.168.41.200:5672]
2024-04-07 20:35:29.015  WARN 12104 --- [org.springframework.amqp.rabbit.RabbitListenerEndpointContainer#0-7] (system) o.s.a.r.l.SimpleMessageListenerContainer : Consumer raised exception, processing can restart if the connection factory supports it. Exception summary: org.springframework.amqp.AmqpConnectException: java.net.ConnectException: Connection timed out: no further information
2024-04-07 20:35:29.015  INFO 12104 --- [org.springframework.amqp.rabbit.RabbitListenerEndpointContainer#0-7] (system) o.s.a.r.l.SimpleMessageListenerContainer : Restarting Consumer@45748132: tags=[[]], channel=null, acknowledgeMode=AUTO local queue size=0
2024-04-07 20:35:29.016  INFO 12104 --- [org.springframework.amqp.rabbit.RabbitListenerEndpointContainer#0-8] (system) o.s.a.r.c.CachingConnectionFactory       : Attempting to connect to: [192.168.41.200:5672]
2024-04-07 20:35:50.065 ERROR 12104 --- [org.springframework.amqp.rabbit.RabbitListenerEndpointContainer#0-8] (system) o.s.a.r.l.SimpleMessageListenerContainer : Failed to check/redeclare auto-delete queue(s).
2024-04-07 20:35:50.065  INFO 12104 --- [org.springframework.amqp.rabbit.RabbitListenerEndpointContainer#0-8] (system) o.s.a.r.c.CachingConnectionFactory       : Attempting to connect to: [192.168.41.200:5672]
2024-04-07 20:36:16.141  WARN 12104 --- [org.springframework.amqp.rabbit.RabbitListenerEndpointContainer#0-8] (system) o.s.a.r.l.SimpleMessageListenerContainer : Consumer raised exception, processing can restart if the connection factory supports it. Exception summary: org.springframework.amqp.AmqpConnectException: java.net.ConnectException: Connection timed out: no further information
2024-04-07 20:36:16.141  INFO 12104 --- [org.springframework.amqp.rabbit.RabbitListenerEndpointContainer#0-8] (system) o.s.a.r.l.SimpleMessageListenerContainer : Restarting Consumer@3dc7784b: tags=[[]], channel=null, acknowledgeMode=AUTO local queue size=0
2024-04-07 20:36:16.142  INFO 12104 --- [org.springframework.amqp.rabbit.RabbitListenerEndpointContainer#0-9] (system) o.s.a.r.c.CachingConnectionFactory       : Attempting to connect to: [192.168.41.200:5672]
2024-04-07 20:36:37.177 ERROR 12104 --- [org.springframework.amqp.rabbit.RabbitListenerEndpointContainer#0-9] (system) o.s.a.r.l.SimpleMessageListenerContainer : Failed to check/redeclare auto-delete queue(s).
2024-04-07 20:36:37.177  INFO 12104 --- [org.springframework.amqp.rabbit.RabbitListenerEndpointContainer#0-9] (system) o.s.a.r.c.CachingConnectionFactory       : Attempting to connect to: [192.168.41.200:5672]
2024-04-07 20:37:03.291  WARN 12104 --- [org.springframework.amqp.rabbit.RabbitListenerEndpointContainer#0-9] (system) o.s.a.r.l.SimpleMessageListenerContainer : Consumer raised exception, processing can restart if the connection factory supports it. Exception summary: org.springframework.amqp.AmqpConnectException: java.net.ConnectException: Connection timed out: no further information
2024-04-07 20:37:03.291  INFO 12104 --- [org.springframework.amqp.rabbit.RabbitListenerEndpointContainer#0-9] (system) o.s.a.r.l.SimpleMessageListenerContainer : Restarting Consumer@68d71c5a: tags=[[]], channel=null, acknowledgeMode=AUTO local queue size=0
2024-04-07 20:37:03.292  INFO 12104 --- [org.springframework.amqp.rabbit.RabbitListenerEndpointContainer#0-10] (system) o.s.a.r.c.CachingConnectionFactory       : Attempting to connect to: [192.168.41.200:5672]
2024-04-07 20:37:24.333 ERROR 12104 --- [org.springframework.amqp.rabbit.RabbitListenerEndpointContainer#0-10] (system) o.s.a.r.l.SimpleMessageListenerContainer : Failed to check/redeclare auto-delete queue(s).
2024-04-07 20:37:24.334  INFO 12104 --- [org.springframework.amqp.rabbit.RabbitListenerEndpointContainer#0-10] (system) o.s.a.r.c.CachingConnectionFactory       : Attempting to connect to: [192.168.41.200:5672]
2024-04-07 20:37:50.516  WARN 12104 --- [org.springframework.amqp.rabbit.RabbitListenerEndpointContainer#0-10] (system) o.s.a.r.l.SimpleMessageListenerContainer : Consumer raised exception, processing can restart if the connection factory supports it. Exception summary: org.springframework.amqp.AmqpConnectException: java.net.ConnectException: Connection timed out: no further information
2024-04-07 20:37:50.516  INFO 12104 --- [org.springframework.amqp.rabbit.RabbitListenerEndpointContainer#0-10] (system) o.s.a.r.l.SimpleMessageListenerContainer : Restarting Consumer@43ad8e70: tags=[[]], channel=null, acknowledgeMode=AUTO local queue size=0
2024-04-07 20:37:50.517  INFO 12104 --- [org.springframework.amqp.rabbit.RabbitListenerEndpointContainer#0-11] (system) o.s.a.r.c.CachingConnectionFactory       : Attempting to connect to: [192.168.41.200:5672]
2024-04-07 20:38:11.562 ERROR 12104 --- [org.springframework.amqp.rabbit.RabbitListenerEndpointContainer#0-11] (system) o.s.a.r.l.SimpleMessageListenerContainer : Failed to check/redeclare auto-delete queue(s).
2024-04-07 20:38:11.562  INFO 12104 --- [org.springframework.amqp.rabbit.RabbitListenerEndpointContainer#0-11] (system) o.s.a.r.c.CachingConnectionFactory       : Attempting to connect to: [192.168.41.200:5672]
2024-04-07 20:38:37.678  WARN 12104 --- [org.springframework.amqp.rabbit.RabbitListenerEndpointContainer#0-11] (system) o.s.a.r.l.SimpleMessageListenerContainer : Consumer raised exception, processing can restart if the connection factory supports it. Exception summary: org.springframework.amqp.AmqpConnectException: java.net.ConnectException: Connection timed out: no further information
2024-04-07 20:38:37.678  INFO 12104 --- [org.springframework.amqp.rabbit.RabbitListenerEndpointContainer#0-11] (system) o.s.a.r.l.SimpleMessageListenerContainer : Restarting Consumer@6ae5ec24: tags=[[]], channel=null, acknowledgeMode=AUTO local queue size=0
2024-04-07 20:38:37.679  INFO 12104 --- [org.springframework.amqp.rabbit.RabbitListenerEndpointContainer#0-12] (system) o.s.a.r.c.CachingConnectionFactory       : Attempting to connect to: [192.168.41.200:5672]
2024-04-07 20:38:58.727 ERROR 12104 --- [org.springframework.amqp.rabbit.RabbitListenerEndpointContainer#0-12] (system) o.s.a.r.l.SimpleMessageListenerContainer : Failed to check/redeclare auto-delete queue(s).
2024-04-07 20:38:58.728  INFO 12104 --- [org.springframework.amqp.rabbit.RabbitListenerEndpointContainer#0-12] (system) o.s.a.r.c.CachingConnectionFactory       : Attempting to connect to: [192.168.41.200:5672]
2024-04-07 20:39:24.919  WARN 12104 --- [org.springframework.amqp.rabbit.RabbitListenerEndpointContainer#0-12] (system) o.s.a.r.l.SimpleMessageListenerContainer : Consumer raised exception, processing can restart if the connection factory supports it. Exception summary: org.springframework.amqp.AmqpConnectException: java.net.ConnectException: Connection timed out: no further information
2024-04-07 20:39:24.919  INFO 12104 --- [org.springframework.amqp.rabbit.RabbitListenerEndpointContainer#0-12] (system) o.s.a.r.l.SimpleMessageListenerContainer : Restarting Consumer@42fd44cf: tags=[[]], channel=null, acknowledgeMode=AUTO local queue size=0
2024-04-07 20:39:24.920  INFO 12104 --- [org.springframework.amqp.rabbit.RabbitListenerEndpointContainer#0-13] (system) o.s.a.r.c.CachingConnectionFactory       : Attempting to connect to: [192.168.41.200:5672]
2024-04-07 20:39:45.981 ERROR 12104 --- [org.springframework.amqp.rabbit.RabbitListenerEndpointContainer#0-13] (system) o.s.a.r.l.SimpleMessageListenerContainer : Failed to check/redeclare auto-delete queue(s).
2024-04-07 20:39:45.981  INFO 12104 --- [org.springframework.amqp.rabbit.RabbitListenerEndpointContainer#0-13] (system) o.s.a.r.c.CachingConnectionFactory       : Attempting to connect to: [192.168.41.200:5672]
2024-04-07 20:39:55.055  WARN 12104 --- [org.springframework.amqp.rabbit.RabbitListenerEndpointContainer#0-13] (system) o.s.a.r.l.SimpleMessageListenerContainer : Consumer raised exception, processing can restart if the connection factory supports it. Exception summary: org.springframework.amqp.AmqpConnectException: java.net.ConnectException: Connection refused: no further information
2024-04-07 20:39:55.055  INFO 12104 --- [org.springframework.amqp.rabbit.RabbitListenerEndpointContainer#0-13] (system) o.s.a.r.l.SimpleMessageListenerContainer : Restarting Consumer@4ffd2a3c: tags=[[]], channel=null, acknowledgeMode=AUTO local queue size=0
2024-04-07 20:39:55.057  INFO 12104 --- [org.springframework.amqp.rabbit.RabbitListenerEndpointContainer#0-14] (system) o.s.a.r.c.CachingConnectionFactory       : Attempting to connect to: [192.168.41.200:5672]
2024-04-07 20:39:56.109  INFO 12104 --- [org.springframework.amqp.rabbit.RabbitListenerEndpointContainer#0-14] (system) o.s.a.r.c.CachingConnectionFactory       : Created new connection: rabbitConnectionFactory#208185c0:27/SimpleConnection@1a7ec199 [delegate=amqp://admin@192.168.41.200:5672/, localPort=51020]
2024-04-07 20:40:27.650  INFO 12104 --- [http-nio-8080-exec-2] (89782086315151360) com.example.filter.RequestLogFilter      : 请求URL: "/api/monitor/details" (OPTIONS) | 远程IP地址: 0:0:0:0:0:0:0:1 │ 身份: 未验证 | 请求参数列表: {"clientId":"84619212"}
2024-04-07 20:40:27.651  INFO 12104 --- [http-nio-8080-exec-6] (89782086319345664) com.example.filter.RequestLogFilter      : 请求URL: "/api/monitor/runtime-history" (OPTIONS) | 远程IP地址: 0:0:0:0:0:0:0:1 │ 身份: 未验证 | 请求参数列表: {"clientId":"84619212"}
2024-04-07 20:40:27.652  INFO 12104 --- [http-nio-8080-exec-2] (89782086315151360) com.example.filter.RequestLogFilter      : 请求处理耗时: 2ms | 响应结果: {"code":401,"data":null,"id":89782086315151360,"message":"Full authentication is required to access this resource"}
2024-04-07 20:40:27.652  INFO 12104 --- [http-nio-8080-exec-6] (89782086319345664) com.example.filter.RequestLogFilter      : 请求处理耗时: 1ms | 响应结果: {"code":401,"data":null,"id":89782086319345664,"message":"Full authentication is required to access this resource"}
2024-04-07 20:40:27.659  INFO 12104 --- [http-nio-8080-exec-7] (89782086352900096) com.example.filter.RequestLogFilter      : 请求URL: "/api/monitor/runtime-history" (GET) | 远程IP地址: 0:0:0:0:0:0:0:1 │ 身份: admin (UID: 7) | 角色: [ROLE_admin] | 请求参数列表: {"clientId":"84619212"}
2024-04-07 20:40:27.660  INFO 12104 --- [http-nio-8080-exec-8] (89782086357094400) com.example.filter.RequestLogFilter      : 请求URL: "/api/monitor/details" (GET) | 远程IP地址: 0:0:0:0:0:0:0:1 │ 身份: admin (UID: 7) | 角色: [ROLE_admin] | 请求参数列表: {"clientId":"84619212"}
2024-04-07 20:40:27.665  INFO 12104 --- [http-nio-8080-exec-8] (89782086357094400) com.example.filter.RequestLogFilter      : 请求处理耗时: 5ms | 响应结果: {"id":89782086357094400,"code":200,"data":{"id":84619212,"name":"Ubuntu开发主机","online":false,"node":"开发节点","location":"us","ip":"192.168.41.201","cpuName":"11th Gen Intel(R) Core(TM) i7-11800H @ 2.30GHz","osName":"Ubuntu","osVersion":"22.04.4 LTS","memory":7.711544036865234,"cpuCore":8,"disk":48.41845703125},"message":"请求成功"}
2024-04-07 20:40:27.722  INFO 12104 --- [http-nio-8080-exec-7] (89782086352900096) com.example.filter.RequestLogFilter      : 请求处理耗时: 63ms | 响应结果: {"id":89782086352900096,"code":200,"data":{"disk":48.41845703125,"memory":7.711544036865234,"list":[]},"message":"请求成功"}
2024-04-07 20:40:30.121  INFO 12104 --- [http-nio-8080-exec-10] (89782096679276544) com.example.filter.RequestLogFilter      : 请求URL: "/api/monitor/details" (OPTIONS) | 远程IP地址: 0:0:0:0:0:0:0:1 │ 身份: 未验证 | 请求参数列表: {"clientId":"11399865"}
2024-04-07 20:40:30.122  INFO 12104 --- [http-nio-8080-exec-10] (89782096679276544) com.example.filter.RequestLogFilter      : 请求处理耗时: 1ms | 响应结果: {"code":401,"data":null,"id":89782096679276544,"message":"Full authentication is required to access this resource"}
2024-04-07 20:40:30.122  INFO 12104 --- [http-nio-8080-exec-9] (89782096683470848) com.example.filter.RequestLogFilter      : 请求URL: "/api/monitor/runtime-history" (OPTIONS) | 远程IP地址: 0:0:0:0:0:0:0:1 │ 身份: 未验证 | 请求参数列表: {"clientId":"11399865"}
2024-04-07 20:40:30.123  INFO 12104 --- [http-nio-8080-exec-9] (89782096683470848) com.example.filter.RequestLogFilter      : 请求处理耗时: 1ms | 响应结果: {"code":401,"data":null,"id":89782096683470848,"message":"Full authentication is required to access this resource"}
2024-04-07 20:40:30.127  INFO 12104 --- [http-nio-8080-exec-1] (89782096704442368) com.example.filter.RequestLogFilter      : 请求URL: "/api/monitor/details" (GET) | 远程IP地址: 0:0:0:0:0:0:0:1 │ 身份: admin (UID: 7) | 角色: [ROLE_admin] | 请求参数列表: {"clientId":"11399865"}
2024-04-07 20:40:30.127  INFO 12104 --- [http-nio-8080-exec-3] (89782096704442369) com.example.filter.RequestLogFilter      : 请求URL: "/api/monitor/runtime-history" (GET) | 远程IP地址: 0:0:0:0:0:0:0:1 │ 身份: admin (UID: 7) | 角色: [ROLE_admin] | 请求参数列表: {"clientId":"11399865"}
2024-04-07 20:40:30.129  INFO 12104 --- [http-nio-8080-exec-1] (89782096704442368) com.example.filter.RequestLogFilter      : 请求处理耗时: 2ms | 响应结果: {"id":89782096704442368,"code":200,"data":{"id":11399865,"name":"本机Wondows","online":false,"node":"开发部门","location":"cn","ip":"192.168.10.253","cpuName":"11th Gen Intel(R) Core(TM) i7-11800H @ 2.30GHz","osName":"Windows","osVersion":"11","memory":31.73709487915039,"cpuCore":16,"disk":930.1122970581055},"message":"请求成功"}
2024-04-07 20:40:30.136  INFO 12104 --- [http-nio-8080-exec-3] (89782096704442369) com.example.filter.RequestLogFilter      : 请求处理耗时: 9ms | 响应结果: {"id":89782096704442369,"code":200,"data":{"disk":930.1122970581055,"memory":31.73709487915039,"list":[]},"message":"请求成功"}
2024-04-07 20:40:31.719  INFO 12104 --- [http-nio-8080-exec-5] (89782103381774336) com.example.filter.RequestLogFilter      : 请求URL: "/api/monitor/runtime-history" (OPTIONS) | 远程IP地址: 0:0:0:0:0:0:0:1 │ 身份: 未验证 | 请求参数列表: {"clientId":"98431521"}
2024-04-07 20:40:31.720  INFO 12104 --- [http-nio-8080-exec-5] (89782103381774336) com.example.filter.RequestLogFilter      : 请求处理耗时: 1ms | 响应结果: {"code":401,"data":null,"id":89782103381774336,"message":"Full authentication is required to access this resource"}
2024-04-07 20:40:31.720  INFO 12104 --- [http-nio-8080-exec-4] (89782103385968640) com.example.filter.RequestLogFilter      : 请求URL: "/api/monitor/details" (OPTIONS) | 远程IP地址: 0:0:0:0:0:0:0:1 │ 身份: 未验证 | 请求参数列表: {"clientId":"98431521"}
2024-04-07 20:40:31.721  INFO 12104 --- [http-nio-8080-exec-4] (89782103385968640) com.example.filter.RequestLogFilter      : 请求处理耗时: 1ms | 响应结果: {"code":401,"data":null,"id":89782103385968640,"message":"Full authentication is required to access this resource"}
2024-04-07 20:40:31.727  INFO 12104 --- [http-nio-8080-exec-6] (89782103415328768) com.example.filter.RequestLogFilter      : 请求URL: "/api/monitor/details" (GET) | 远程IP地址: 0:0:0:0:0:0:0:1 │ 身份: admin (UID: 7) | 角色: [ROLE_admin] | 请求参数列表: {"clientId":"98431521"}
2024-04-07 20:40:31.727  INFO 12104 --- [http-nio-8080-exec-2] (89782103415328769) com.example.filter.RequestLogFilter      : 请求URL: "/api/monitor/runtime-history" (GET) | 远程IP地址: 0:0:0:0:0:0:0:1 │ 身份: admin (UID: 7) | 角色: [ROLE_admin] | 请求参数列表: {"clientId":"98431521"}
2024-04-07 20:40:31.729  INFO 12104 --- [http-nio-8080-exec-6] (89782103415328768) com.example.filter.RequestLogFilter      : 请求处理耗时: 2ms | 响应结果: {"id":89782103415328768,"code":200,"data":{"id":98431521,"name":"Centos开发主机","online":false,"node":"Linux主机","location":"hk","ip":"192.168.41.200","cpuName":"11th Gen Intel(R) Core(TM) i7-11800H @ 2.30GHz","osName":"CentOS Linux","osVersion":"7.9.2009","memory":7.6197052001953125,"cpuCore":4,"disk":35.59198760986328},"message":"请求成功"}
2024-04-07 20:40:31.736  INFO 12104 --- [http-nio-8080-exec-2] (89782103415328769) com.example.filter.RequestLogFilter      : 请求处理耗时: 9ms | 响应结果: {"id":89782103415328769,"code":200,"data":{"disk":35.59198760986328,"memory":7.6197052001953125,"list":[]},"message":"请求成功"}
